STAR version=2.7.10b
STAR compilation time,server,dir=2022-11-01T09:53:26-04:00 :/home/dobin/data/STAR/STARcode/STAR.master/source
STAR git: On branch master ; commit c6f8efc2c7043ef83bf8b0d9bed36bbb6b9b1133 ; diff files: CHANGES.md 
##### Command Line:
STAR --genomeDir genome/genomeIndex --readFilesIn trim/fm_1_trim.fq --outFileNamePrefix mapped/fm_1_trim_ --outSAMtype BAM SortedByCoordinate --outSAMattributes All
##### Initial USER parameters from Command Line:
outFileNamePrefix                 mapped/fm_1_trim_
###### All USER parameters from Command Line:
genomeDir                     genome/genomeIndex     ~RE-DEFINED
readFilesIn                   trim/fm_1_trim.fq        ~RE-DEFINED
outFileNamePrefix             mapped/fm_1_trim_     ~RE-DEFINED
outSAMtype                    BAM   SortedByCoordinate        ~RE-DEFINED
outSAMattributes              All        ~RE-DEFINED
##### Finished reading parameters from all sources

##### Final user re-defined parameters-----------------:
genomeDir                         genome/genomeIndex
readFilesIn                       trim/fm_1_trim.fq   
outFileNamePrefix                 mapped/fm_1_trim_
outSAMtype                        BAM   SortedByCoordinate   
outSAMattributes                  All   

-------------------------------
##### Final effective command line:
STAR   --genomeDir genome/genomeIndex   --readFilesIn trim/fm_1_trim.fq      --outFileNamePrefix mapped/fm_1_trim_   --outSAMtype BAM   SortedByCoordinate      --outSAMattributes All   
----------------------------------------

Number of fastq files for each mate = 1
ParametersSolo: --soloCellFilterType CellRanger2.2 filtering parameters:  3000 0.99 10
WARNING: --limitBAMsortRAM=0, will use genome size as RAM limit for BAM sorting
Finished loading and checking parameters
Reading genome generation parameters:
### STAR   --runMode genomeGenerate      --genomeDir genomeIndex   --genomeFastaFiles c_elegans.fa   
### GstrandBit=32
versionGenome                 2.7.4a     ~RE-DEFINED
genomeType                    Full     ~RE-DEFINED
genomeFastaFiles              c_elegans.fa        ~RE-DEFINED
genomeSAindexNbases           14     ~RE-DEFINED
genomeChrBinNbits             18     ~RE-DEFINED
genomeSAsparseD               1     ~RE-DEFINED
genomeTransformType           None     ~RE-DEFINED
genomeTransformVCF            -     ~RE-DEFINED
sjdbOverhang                  0     ~RE-DEFINED
sjdbFileChrStartEnd           -        ~RE-DEFINED
sjdbGTFfile                   -     ~RE-DEFINED
sjdbGTFchrPrefix              -     ~RE-DEFINED
sjdbGTFfeatureExon            exon     ~RE-DEFINED
sjdbGTFtagExonParentTranscripttranscript_id     ~RE-DEFINED
sjdbGTFtagExonParentGene      gene_id     ~RE-DEFINED
sjdbInsertSave                Basic     ~RE-DEFINED
genomeFileSizes               101187584   827362812        ~RE-DEFINED
Genome version is compatible with current STAR
Number of real (reference) chromosomes= 7
1	I	15072434	0
2	II	15279421	15204352
3	III	13783801	30670848
4	IV	17493829	44564480
5	V	20924180	62128128
6	X	17718942	83099648
7	MtDNA	13794	100925440
Started loading the genome: Tue Sep  2 09:17:51 2025

Genome: size given as a parameter = 101187584
SA: size given as a parameter = 827362812
SAindex: size given as a parameter = 1
Read from SAindex: pGe.gSAindexNbases=14  nSAi=357913940
nGenome=101187584;  nSAbyte=827362812
GstrandBit=32   SA number of indices=200572802
Shared memory is not used for genomes. Allocated a private copy of the genome.
Genome file size: 101187584 bytes; state: good=1 eof=0 fail=0 bad=0
Loading Genome ... done! state: good=1 eof=0 fail=0 bad=0; loaded 101187584 bytes
SA file size: 827362812 bytes; state: good=1 eof=0 fail=0 bad=0
Loading SA ... done! state: good=1 eof=0 fail=0 bad=0; loaded 827362812 bytes
Loading SAindex ... done: 1565873619 bytes
Finished loading the genome: Tue Sep  2 09:18:02 2025

alignIntronMax=alignMatesGapMax=0, the max intron size will be approximately determined by (2^winBinNbits)*winAnchorDistNbins=589824
Thread #0 end of input stream, nextChar=-1
BAM sorting: 54290 mapped reads
BAM sorting bins genomic start loci:
1	0	2407877
2	0	4380700
3	0	5620253
4	0	6857337
5	0	8329434
6	0	9492154
7	0	10553379
8	0	13296787
9	1	238571
10	1	5079328
11	1	7105555
12	1	8517340
13	1	10172276
14	1	11651337
15	1	14487259
16	2	3467402
17	2	4490280
18	2	5458522
19	2	6382915
20	2	7102397
21	2	8072510
22	2	9520976
23	2	10947192
24	2	13461663
25	3	1460144
26	3	4748285
27	3	7136009
28	3	8264090
29	3	8979221
30	3	10386587
31	3	11653262
32	3	13446859
33	4	7070
34	4	4653080
35	4	6783896
36	4	9553660
37	4	11077609
38	4	13099481
39	4	14991976
40	4	20468413
41	5	3405187
42	5	3408008
43	5	3560996
44	5	3568316
45	5	3571548
46	5	5105248
47	5	7731827
48	5	12989172
Completed: thread #0
Sep 02 09:18:04 ..... finished mapping
RAM after mapping:
VmPeak:	 2640128 kB; VmSize:	 2592276 kB; VmHWM:	 2565396 kB; VmRSS:	 2556604 kB; 
RAM after freeing genome index memory:
VmPeak:	 2640128 kB; VmSize:	  156308 kB; VmHWM:	 2565396 kB; VmRSS:	  120636 kB; 
Sep 02 09:18:04 ..... started sorting BAM
Max memory needed for sorting = 221874
ALL DONE!
