                                 Started job on |	Sep 02 09:17:51
                             Started mapping on |	Sep 02 09:18:02
                                    Finished on |	Sep 02 09:18:04
       Mapping speed, Million of reads per hour |	89.13

                          Number of input reads |	49515
                      Average input read length |	35
                                    UNIQUE READS:
                   Uniquely mapped reads number |	45740
                        Uniquely mapped reads % |	92.38%
                          Average mapped length |	35.71
                       Number of splices: Total |	2565
            Number of splices: Annotated (sjdb) |	0
                       Number of splices: GT/AG |	2543
                       Number of splices: GC/AG |	11
                       Number of splices: AT/AC |	1
               Number of splices: Non-canonical |	10
                      Mismatch rate per base, % |	0.12%
                         Deletion rate per base |	0.00%
                        Deletion average length |	1.36
                        Insertion rate per base |	0.00%
                       Insertion average length |	1.06
                             MULTI-MAPPING READS:
        Number of reads mapped to multiple loci |	3376
             % of reads mapped to multiple loci |	6.82%
        Number of reads mapped to too many loci |	20
             % of reads mapped to too many loci |	0.04%
                                  UNMAPPED READS:
  Number of reads unmapped: too many mismatches |	0
       % of reads unmapped: too many mismatches |	0.00%
            Number of reads unmapped: too short |	377
                 % of reads unmapped: too short |	0.76%
                Number of reads unmapped: other |	2
                     % of reads unmapped: other |	0.00%
                                  CHIMERIC READS:
                       Number of chimeric reads |	0
                            % of chimeric reads |	0.00%
