STAR version=2.7.10b
STAR compilation time,server,dir=2022-11-01T09:53:26-04:00 :/home/dobin/data/STAR/STARcode/STAR.master/source
STAR git: On branch master ; commit c6f8efc2c7043ef83bf8b0d9bed36bbb6b9b1133 ; diff files: CHANGES.md 
##### Command Line:
STAR --genomeDir genome/genomeIndex --readFilesIn trim/fm_2_trim.fq --outFileNamePrefix mapped/fm_2_trim_ --outSAMtype BAM SortedByCoordinate --outSAMattributes All
##### Initial USER parameters from Command Line:
outFileNamePrefix                 mapped/fm_2_trim_
###### All USER parameters from Command Line:
genomeDir                     genome/genomeIndex     ~RE-DEFINED
readFilesIn                   trim/fm_2_trim.fq        ~RE-DEFINED
outFileNamePrefix             mapped/fm_2_trim_     ~RE-DEFINED
outSAMtype                    BAM   SortedByCoordinate        ~RE-DEFINED
outSAMattributes              All        ~RE-DEFINED
##### Finished reading parameters from all sources

##### Final user re-defined parameters-----------------:
genomeDir                         genome/genomeIndex
readFilesIn                       trim/fm_2_trim.fq   
outFileNamePrefix                 mapped/fm_2_trim_
outSAMtype                        BAM   SortedByCoordinate   
outSAMattributes                  All   

-------------------------------
##### Final effective command line:
STAR   --genomeDir genome/genomeIndex   --readFilesIn trim/fm_2_trim.fq      --outFileNamePrefix mapped/fm_2_trim_   --outSAMtype BAM   SortedByCoordinate      --outSAMattributes All   
----------------------------------------

Number of fastq files for each mate = 1
ParametersSolo: --soloCellFilterType CellRanger2.2 filtering parameters:  3000 0.99 10
WARNING: --limitBAMsortRAM=0, will use genome size as RAM limit for BAM sorting
Finished loading and checking parameters
Reading genome generation parameters:
### STAR   --runMode genomeGenerate      --genomeDir genomeIndex   --genomeFastaFiles c_elegans.fa   
### GstrandBit=32
versionGenome                 2.7.4a     ~RE-DEFINED
genomeType                    Full     ~RE-DEFINED
genomeFastaFiles              c_elegans.fa        ~RE-DEFINED
genomeSAindexNbases           14     ~RE-DEFINED
genomeChrBinNbits             18     ~RE-DEFINED
genomeSAsparseD               1     ~RE-DEFINED
genomeTransformType           None     ~RE-DEFINED
genomeTransformVCF            -     ~RE-DEFINED
sjdbOverhang                  0     ~RE-DEFINED
sjdbFileChrStartEnd           -        ~RE-DEFINED
sjdbGTFfile                   -     ~RE-DEFINED
sjdbGTFchrPrefix              -     ~RE-DEFINED
sjdbGTFfeatureExon            exon     ~RE-DEFINED
sjdbGTFtagExonParentTranscripttranscript_id     ~RE-DEFINED
sjdbGTFtagExonParentGene      gene_id     ~RE-DEFINED
sjdbInsertSave                Basic     ~RE-DEFINED
genomeFileSizes               101187584   827362812        ~RE-DEFINED
Genome version is compatible with current STAR
Number of real (reference) chromosomes= 7
1	I	15072434	0
2	II	15279421	15204352
3	III	13783801	30670848
4	IV	17493829	44564480
5	V	20924180	62128128
6	X	17718942	83099648
7	MtDNA	13794	100925440
Started loading the genome: Tue Sep  2 09:18:04 2025

Genome: size given as a parameter = 101187584
SA: size given as a parameter = 827362812
SAindex: size given as a parameter = 1
Read from SAindex: pGe.gSAindexNbases=14  nSAi=357913940
nGenome=101187584;  nSAbyte=827362812
GstrandBit=32   SA number of indices=200572802
Shared memory is not used for genomes. Allocated a private copy of the genome.
Genome file size: 101187584 bytes; state: good=1 eof=0 fail=0 bad=0
Loading Genome ... done! state: good=1 eof=0 fail=0 bad=0; loaded 101187584 bytes
SA file size: 827362812 bytes; state: good=1 eof=0 fail=0 bad=0
Loading SA ... done! state: good=1 eof=0 fail=0 bad=0; loaded 827362812 bytes
Loading SAindex ... done: 1565873619 bytes
Finished loading the genome: Tue Sep  2 09:18:06 2025

alignIntronMax=alignMatesGapMax=0, the max intron size will be approximately determined by (2^winBinNbits)*winAnchorDistNbins=589824
Thread #0 end of input stream, nextChar=-1
BAM sorting: 51821 mapped reads
BAM sorting bins genomic start loci:
1	0	2403027
2	0	4376765
3	0	5568631
4	0	6755215
5	0	7921384
6	0	9166471
7	0	10433514
8	0	12905514
9	0	15062279
10	1	4703607
11	1	6366576
12	1	8066563
13	1	9276248
14	1	11040464
15	1	12896089
16	2	1833453
17	2	4171333
18	2	5161230
19	2	6023781
20	2	6970961
21	2	7511641
22	2	9059957
23	2	10506128
24	2	12449434
25	3	426328
26	3	3872021
27	3	6425655
28	3	8178616
29	3	8504164
30	3	10152515
31	3	11376025
32	3	13096468
33	3	17279450
34	4	3585392
35	4	6402279
36	4	8515099
37	4	11072051
38	4	12419107
39	4	14686482
40	4	19050112
41	5	3114009
42	5	3407686
43	5	3560775
44	5	3568651
45	5	4963063
46	5	6533582
47	5	8790448
48	5	14568992
Completed: thread #0
Sep 02 09:18:07 ..... finished mapping
RAM after mapping:
VmPeak:	 2640124 kB; VmSize:	 2592272 kB; VmHWM:	 2564468 kB; VmRSS:	 2556020 kB; 
RAM after freeing genome index memory:
VmPeak:	 2640124 kB; VmSize:	  156304 kB; VmHWM:	 2564468 kB; VmRSS:	  120052 kB; 
Sep 02 09:18:08 ..... started sorting BAM
Max memory needed for sorting = 208697
ALL DONE!
