                                 Started job on |	Sep 02 09:18:08
                             Started mapping on |	Sep 02 09:18:09
                                    Finished on |	Sep 02 09:18:13
       Mapping speed, Million of reads per hour |	41.85

                          Number of input reads |	46495
                      Average input read length |	35
                                    UNIQUE READS:
                   Uniquely mapped reads number |	41869
                        Uniquely mapped reads % |	90.05%
                          Average mapped length |	35.61
                       Number of splices: Total |	2303
            Number of splices: Annotated (sjdb) |	0
                       Number of splices: GT/AG |	2277
                       Number of splices: GC/AG |	13
                       Number of splices: AT/AC |	1
               Number of splices: Non-canonical |	12
                      Mismatch rate per base, % |	0.18%
                         Deletion rate per base |	0.00%
                        Deletion average length |	1.47
                        Insertion rate per base |	0.00%
                       Insertion average length |	1.10
                             MULTI-MAPPING READS:
        Number of reads mapped to multiple loci |	3024
             % of reads mapped to multiple loci |	6.50%
        Number of reads mapped to too many loci |	35
             % of reads mapped to too many loci |	0.08%
                                  UNMAPPED READS:
  Number of reads unmapped: too many mismatches |	0
       % of reads unmapped: too many mismatches |	0.00%
            Number of reads unmapped: too short |	1566
                 % of reads unmapped: too short |	3.37%
                Number of reads unmapped: other |	1
                     % of reads unmapped: other |	0.00%
                                  CHIMERIC READS:
                       Number of chimeric reads |	0
                            % of chimeric reads |	0.00%
