STAR version=2.7.10b
STAR compilation time,server,dir=2022-11-01T09:53:26-04:00 :/home/dobin/data/STAR/STARcode/STAR.master/source
STAR git: On branch master ; commit c6f8efc2c7043ef83bf8b0d9bed36bbb6b9b1133 ; diff files: CHANGES.md 
##### Command Line:
STAR --genomeDir genome/genomeIndex --readFilesIn trim/m_4_trim.fq --outFileNamePrefix mapped/m_4_trim_ --outSAMtype BAM SortedByCoordinate --outSAMattributes All
##### Initial USER parameters from Command Line:
outFileNamePrefix                 mapped/m_4_trim_
###### All USER parameters from Command Line:
genomeDir                     genome/genomeIndex     ~RE-DEFINED
readFilesIn                   trim/m_4_trim.fq        ~RE-DEFINED
outFileNamePrefix             mapped/m_4_trim_     ~RE-DEFINED
outSAMtype                    BAM   SortedByCoordinate        ~RE-DEFINED
outSAMattributes              All        ~RE-DEFINED
##### Finished reading parameters from all sources

##### Final user re-defined parameters-----------------:
genomeDir                         genome/genomeIndex
readFilesIn                       trim/m_4_trim.fq   
outFileNamePrefix                 mapped/m_4_trim_
outSAMtype                        BAM   SortedByCoordinate   
outSAMattributes                  All   

-------------------------------
##### Final effective command line:
STAR   --genomeDir genome/genomeIndex   --readFilesIn trim/m_4_trim.fq      --outFileNamePrefix mapped/m_4_trim_   --outSAMtype BAM   SortedByCoordinate      --outSAMattributes All   
----------------------------------------

Number of fastq files for each mate = 1
ParametersSolo: --soloCellFilterType CellRanger2.2 filtering parameters:  3000 0.99 10
WARNING: --limitBAMsortRAM=0, will use genome size as RAM limit for BAM sorting
Finished loading and checking parameters
Reading genome generation parameters:
### STAR   --runMode genomeGenerate      --genomeDir genomeIndex   --genomeFastaFiles c_elegans.fa   
### GstrandBit=32
versionGenome                 2.7.4a     ~RE-DEFINED
genomeType                    Full     ~RE-DEFINED
genomeFastaFiles              c_elegans.fa        ~RE-DEFINED
genomeSAindexNbases           14     ~RE-DEFINED
genomeChrBinNbits             18     ~RE-DEFINED
genomeSAsparseD               1     ~RE-DEFINED
genomeTransformType           None     ~RE-DEFINED
genomeTransformVCF            -     ~RE-DEFINED
sjdbOverhang                  0     ~RE-DEFINED
sjdbFileChrStartEnd           -        ~RE-DEFINED
sjdbGTFfile                   -     ~RE-DEFINED
sjdbGTFchrPrefix              -     ~RE-DEFINED
sjdbGTFfeatureExon            exon     ~RE-DEFINED
sjdbGTFtagExonParentTranscripttranscript_id     ~RE-DEFINED
sjdbGTFtagExonParentGene      gene_id     ~RE-DEFINED
sjdbInsertSave                Basic     ~RE-DEFINED
genomeFileSizes               101187584   827362812        ~RE-DEFINED
Genome version is compatible with current STAR
Number of real (reference) chromosomes= 7
1	I	15072434	0
2	II	15279421	15204352
3	III	13783801	30670848
4	IV	17493829	44564480
5	V	20924180	62128128
6	X	17718942	83099648
7	MtDNA	13794	100925440
Started loading the genome: Tue Sep  2 09:18:13 2025

Genome: size given as a parameter = 101187584
SA: size given as a parameter = 827362812
SAindex: size given as a parameter = 1
Read from SAindex: pGe.gSAindexNbases=14  nSAi=357913940
nGenome=101187584;  nSAbyte=827362812
GstrandBit=32   SA number of indices=200572802
Shared memory is not used for genomes. Allocated a private copy of the genome.
Genome file size: 101187584 bytes; state: good=1 eof=0 fail=0 bad=0
Loading Genome ... done! state: good=1 eof=0 fail=0 bad=0; loaded 101187584 bytes
SA file size: 827362812 bytes; state: good=1 eof=0 fail=0 bad=0
Loading SA ... done! state: good=1 eof=0 fail=0 bad=0; loaded 827362812 bytes
Loading SAindex ... done: 1565873619 bytes
Finished loading the genome: Tue Sep  2 09:18:14 2025

alignIntronMax=alignMatesGapMax=0, the max intron size will be approximately determined by (2^winBinNbits)*winAnchorDistNbins=589824
Thread #0 end of input stream, nextChar=-1
BAM sorting: 55067 mapped reads
BAM sorting bins genomic start loci:
1	0	2701845
2	0	4584378
3	0	5985515
4	0	6873164
5	0	8606807
6	0	9976774
7	0	12022587
8	0	14857007
9	1	1017996
10	1	4786092
11	1	5194411
12	1	6880698
13	1	8595721
14	1	10707510
15	1	12789528
16	2	885568
17	2	3963541
18	2	5228944
19	2	6466328
20	2	7496950
21	2	9080446
22	2	10751431
23	2	13204310
24	3	1292033
25	3	4469269
26	3	5217630
27	3	5312831
28	3	7111085
29	3	8571424
30	3	9766939
31	3	10022464
32	3	10220384
33	3	11652737
34	3	13778238
35	4	148507
36	4	2323389
37	4	4887640
38	4	6766800
39	4	9097069
40	4	11072403
41	4	12003297
42	4	14353860
43	4	15994973
44	4	19936122
45	5	3540552
46	5	6841979
47	5	11200275
48	5	16849111
Completed: thread #0
Sep 02 09:18:17 ..... finished mapping
RAM after mapping:
VmPeak:	 2640128 kB; VmSize:	 2592276 kB; VmHWM:	 2565816 kB; VmRSS:	 2556848 kB; 
RAM after freeing genome index memory:
VmPeak:	 2640128 kB; VmSize:	  156308 kB; VmHWM:	 2565816 kB; VmRSS:	  120880 kB; 
Sep 02 09:18:17 ..... started sorting BAM
Max memory needed for sorting = 224257
ALL DONE!
