                                 Started job on |	Sep 02 09:18:13
                             Started mapping on |	Sep 02 09:18:14
                                    Finished on |	Sep 02 09:18:17
       Mapping speed, Million of reads per hour |	58.09

                          Number of input reads |	48412
                      Average input read length |	35
                                    UNIQUE READS:
                   Uniquely mapped reads number |	43127
                        Uniquely mapped reads % |	89.08%
                          Average mapped length |	35.64
                       Number of splices: Total |	2473
            Number of splices: Annotated (sjdb) |	0
                       Number of splices: GT/AG |	2456
                       Number of splices: GC/AG |	8
                       Number of splices: AT/AC |	2
               Number of splices: Non-canonical |	7
                      Mismatch rate per base, % |	0.50%
                         Deletion rate per base |	0.00%
                        Deletion average length |	1.30
                        Insertion rate per base |	0.00%
                       Insertion average length |	1.03
                             MULTI-MAPPING READS:
        Number of reads mapped to multiple loci |	4203
             % of reads mapped to multiple loci |	8.68%
        Number of reads mapped to too many loci |	342
             % of reads mapped to too many loci |	0.71%
                                  UNMAPPED READS:
  Number of reads unmapped: too many mismatches |	0
       % of reads unmapped: too many mismatches |	0.00%
            Number of reads unmapped: too short |	736
                 % of reads unmapped: too short |	1.52%
                Number of reads unmapped: other |	4
                     % of reads unmapped: other |	0.01%
                                  CHIMERIC READS:
                       Number of chimeric reads |	0
                            % of chimeric reads |	0.00%
