                                 Started job on |	Sep 02 09:18:17
                             Started mapping on |	Sep 02 09:18:19
                                    Finished on |	Sep 02 09:18:21
       Mapping speed, Million of reads per hour |	84.80

                          Number of input reads |	47112
                      Average input read length |	35
                                    UNIQUE READS:
                   Uniquely mapped reads number |	42190
                        Uniquely mapped reads % |	89.55%
                          Average mapped length |	35.60
                       Number of splices: Total |	2457
            Number of splices: Annotated (sjdb) |	0
                       Number of splices: GT/AG |	2446
                       Number of splices: GC/AG |	8
                       Number of splices: AT/AC |	0
               Number of splices: Non-canonical |	3
                      Mismatch rate per base, % |	0.14%
                         Deletion rate per base |	0.00%
                        Deletion average length |	1.25
                        Insertion rate per base |	0.00%
                       Insertion average length |	1.07
                             MULTI-MAPPING READS:
        Number of reads mapped to multiple loci |	3974
             % of reads mapped to multiple loci |	8.44%
        Number of reads mapped to too many loci |	291
             % of reads mapped to too many loci |	0.62%
                                  UNMAPPED READS:
  Number of reads unmapped: too many mismatches |	0
       % of reads unmapped: too many mismatches |	0.00%
            Number of reads unmapped: too short |	655
                 % of reads unmapped: too short |	1.39%
                Number of reads unmapped: other |	2
                     % of reads unmapped: other |	0.00%
                                  CHIMERIC READS:
                       Number of chimeric reads |	0
                            % of chimeric reads |	0.00%
