                                 Started job on |	Sep 02 09:18:21
                             Started mapping on |	Sep 02 09:18:23
                                    Finished on |	Sep 02 09:18:25
       Mapping speed, Million of reads per hour |	81.47

                          Number of input reads |	45263
                      Average input read length |	35
                                    UNIQUE READS:
                   Uniquely mapped reads number |	40323
                        Uniquely mapped reads % |	89.09%
                          Average mapped length |	35.60
                       Number of splices: Total |	2475
            Number of splices: Annotated (sjdb) |	0
                       Number of splices: GT/AG |	2459
                       Number of splices: GC/AG |	11
                       Number of splices: AT/AC |	0
               Number of splices: Non-canonical |	5
                      Mismatch rate per base, % |	0.14%
                         Deletion rate per base |	0.00%
                        Deletion average length |	1.50
                        Insertion rate per base |	0.00%
                       Insertion average length |	1.10
                             MULTI-MAPPING READS:
        Number of reads mapped to multiple loci |	3866
             % of reads mapped to multiple loci |	8.54%
        Number of reads mapped to too many loci |	310
             % of reads mapped to too many loci |	0.68%
                                  UNMAPPED READS:
  Number of reads unmapped: too many mismatches |	0
       % of reads unmapped: too many mismatches |	0.00%
            Number of reads unmapped: too short |	760
                 % of reads unmapped: too short |	1.68%
                Number of reads unmapped: other |	4
                     % of reads unmapped: other |	0.01%
                                  CHIMERIC READS:
                       Number of chimeric reads |	0
                            % of chimeric reads |	0.00%
